[debug] [2022-08-22T16:02:10.111Z] ----------------------------------------------------------------------
[debug] [2022-08-22T16:02:10.114Z] Command:       C:\Program Files\nodejs\node.exe C:\Users\Oyun-Erdene\AppData\Roaming\npm\node_modules\firebase-tools\lib\bin\firebase.js init
[debug] [2022-08-22T16:02:10.114Z] CLI Version:   11.7.0
[debug] [2022-08-22T16:02:10.114Z] Platform:      win32
[debug] [2022-08-22T16:02:10.114Z] Node Version:  v16.15.0
[debug] [2022-08-22T16:02:10.116Z] Time:          Tue Aug 23 2022 00:02:10 GMT+0800 (Ulaanbaatar Standard Time)
[debug] [2022-08-22T16:02:10.116Z] ----------------------------------------------------------------------
[debug] 
[debug] [2022-08-22T16:02:10.195Z] > command requires scopes: ["email","openid","https://www.googleapis.com/auth/cloudplatformprojects.readonly","https://www.googleapis.com/auth/firebase","https://www.googleapis.com/auth/cloud-platform"]
[debug] [2022-08-22T16:02:10.195Z] > authorizing via signed-in user (gaanbuud106@gmail.com)
[info] 
     ######## #### ########  ######## ########     ###     ######  ########
     ##        ##  ##     ## ##       ##     ##  ##   ##  ##       ##
     ######    ##  ########  ######   ########  #########  ######  ######
     ##        ##  ##    ##  ##       ##     ## ##     ##       ## ##
     ##       #### ##     ## ######## ########  ##     ##  ######  ########

You're about to initialize a Firebase project in this directory:

  C:\Users\Oyun-Erdene\Desktop\urgo

Before we get started, keep in mind:

  * You are initializing within an existing Firebase project directory

